  gen68k.c
c:\users\renee\git\amiga-gngeo\src\generator68k\gen68k.c(132): warning C4047: 'function': 'int' differs in levels of indirection from 't_iib *'
c:\users\renee\git\amiga-gngeo\src\generator68k\gen68k.c(132): warning C4024: 'generate_opcode': different types for formal and actual parameter 2
c:\users\renee\git\amiga-gngeo\src\generator68k\gen68k.c(133): warning C4047: 'function': 'int' differs in levels of indirection from 't_iib *'
c:\users\renee\git\amiga-gngeo\src\generator68k\gen68k.c(133): warning C4024: 'generate_opcode': different types for formal and actual parameter 2
c:\users\renee\git\amiga-gngeo\src\generator68k\gen68k.c(140): warning C4047: 'function': 'int' differs in levels of indirection from 't_iib *'
c:\users\renee\git\amiga-gngeo\src\generator68k\gen68k.c(140): warning C4024: 'generate_opcode': different types for formal and actual parameter 2
c:\users\renee\git\amiga-gngeo\src\generator68k\gen68k.c(141): warning C4047: 'function': 'int' differs in levels of indirection from 't_iib *'
c:\users\renee\git\amiga-gngeo\src\generator68k\gen68k.c(141): warning C4024: 'generate_opcode': different types for formal and actual parameter 2
c:\users\renee\git\amiga-gngeo\src\generator68k\gen68k.c(153): warning C4047: 'function': 'int' differs in levels of indirection from 't_iib *'
c:\users\renee\git\amiga-gngeo\src\generator68k\gen68k.c(153): warning C4024: 'generate_opcode': different types for formal and actual parameter 2
c:\users\renee\git\amiga-gngeo\src\generator68k\gen68k.c(154): warning C4047: 'function': 'int' differs in levels of indirection from 't_iib *'
c:\users\renee\git\amiga-gngeo\src\generator68k\gen68k.c(154): warning C4024: 'generate_opcode': different types for formal and actual parameter 2
c:\users\renee\git\amiga-gngeo\src\generator68k\gen68k.c(122): warning C4101: 'pcinc': unreferenced local variable
c:\users\renee\git\amiga-gngeo\src\generator68k\gen68k.c(125): warning C4101: 'iib': unreferenced local variable
c:\users\renee\git\amiga-gngeo\src\generator68k\gen68k.c(122): warning C4101: 'flags': unreferenced local variable
c:\users\renee\git\amiga-gngeo\src\generator68k\gen68k.c(175): warning C4028: formal parameter 2 different from declaration
c:\users\renee\git\amiga-gngeo\src\generator68k\gen68k.c(1278): warning C4473: 'sprintf' : not enough arguments passed for format string
  c:\users\renee\git\amiga-gngeo\src\generator68k\gen68k.c(1278): note: placeholders and their parameters expect 1 variadic arguments, but 0 were provided
  c:\users\renee\git\amiga-gngeo\src\generator68k\gen68k.c(1278): note: the missing variadic argument 1 is required by format string '%x'
c:\users\renee\git\amiga-gngeo\src\generator68k\gen68k.c(1467): warning C4473: 'sprintf' : not enough arguments passed for format string
  c:\users\renee\git\amiga-gngeo\src\generator68k\gen68k.c(1467): note: placeholders and their parameters expect 1 variadic arguments, but 0 were provided
  c:\users\renee\git\amiga-gngeo\src\generator68k\gen68k.c(1467): note: the missing variadic argument 1 is required by format string '% s'
c:\users\renee\git\amiga-gngeo\src\generator68k\gen68k.c(1505): warning C4476: 'sprintf' : unknown type field character '(' in format specifier
c:\users\renee\git\amiga-gngeo\src\generator68k\gen68k.c(1818): warning C4473: 'sprintf' : not enough arguments passed for format string
  c:\users\renee\git\amiga-gngeo\src\generator68k\gen68k.c(1818): note: placeholders and their parameters expect 1 variadic arguments, but 0 were provided
  c:\users\renee\git\amiga-gngeo\src\generator68k\gen68k.c(1818): note: the missing variadic argument 1 is required by format string '%x'
c:\users\renee\git\amiga-gngeo\src\generator68k\gen68k.c(190): warning C4101: 'i': unreferenced local variable
c:\users\renee\git\amiga-gngeo\src\generator68k\gen68k.c(1827): warning C4716: 'generate_opcode_buf': must return a value
  gen68k.vcxproj -> C:\Users\Renee\git\Amiga-GnGeo\src\generator68k\\gen68k.exe
